-------------------------------------------------------------------------------
Test set: TransportNSW.Tests.LoginPageTest
-------------------------------------------------------------------------------
Tests run: 1, Failures: 0, Errors: 1, Skipped: 0, Time elapsed: 0.003 s <<< FAILURE! - in TransportNSW.Tests.LoginPageTest
initializationError(TransportNSW.Tests.LoginPageTest)  Time elapsed: 0 s  <<< ERROR!
java.lang.NoClassDefFoundError: LTransportNSW/PageFactory/LoginPage;
Caused by: java.lang.ClassNotFoundException: TransportNSW.PageFactory.LoginPage

