-------------------------------------------------------------------------------
Test set: TransportNSW.Tests.TripPlannerTest
-------------------------------------------------------------------------------
Tests run: 1, Failures: 0, Errors: 1, Skipped: 0, Time elapsed: 0 s <<< FAILURE! - in TransportNSW.Tests.TripPlannerTest
initializationError(TransportNSW.Tests.TripPlannerTest)  Time elapsed: 0 s  <<< ERROR!
java.lang.NoClassDefFoundError: LTransportNSW/PageFactory/TripPlannerPage;
Caused by: java.lang.ClassNotFoundException: TransportNSW.PageFactory.TripPlannerPage

